[Message:   BepInEx] BepInEx 5.4.23.2 - Gorilla Tag (4/3/2024 3:10:39 PM)
[Info   :   BepInEx] Running under Unity v2022.3.2.14108471
[Info   :   BepInEx] CLR runtime version: 4.0.30319.42000
[Info   :   BepInEx] Supports SRE: True
[Info   :   BepInEx] System platform: Bits64, Windows
[Message:   BepInEx] Preloader started
[Info   :   BepInEx] Loaded 1 patcher method from [BepInEx.Preloader 5.4.23.2]
[Info   :   BepInEx] 1 patcher plugin loaded
[Info   :   BepInEx] Patching [UnityEngine.CoreModule] with [BepInEx.Chainloader]
[Message:   BepInEx] Preloader finished
[Message:   BepInEx] Chainloader ready
[Message:   BepInEx] Chainloader started
[Info   :   BepInEx] 3 plugins to load
[Info   :   BepInEx] Loading [PlaySpaceAbuser 1.0.0]
[Info   :   BepInEx] Loading [UnityExplorer 4.8.2]
[Message:UnityExplorer] UnityExplorer 4.8.2 initializing...
[Message:UnityExplorer] [UniverseLib] UniverseLib 1.4.3 initializing...
[Message:UnityExplorer] [UniverseLib] Finished UniverseLib initial setup.
[Message:UnityExplorer] Initialized UnityCrashPrevention for: Canvas.get_renderingDisplaySize
[Info   :   BepInEx] Loading [Utilla 1.6.14]
[Message:   BepInEx] Chainloader startup complete
[Message:UnityExplorer] [UniverseLib] Initialized new InputSystem support.
[Message:UnityExplorer] [UniverseLib] Loaded modern bundle for Unity 2022.3.2f1
[Message:UnityExplorer] [UniverseLib] UniverseLib 1.4.3 initialized.
[Message:UnityExplorer] Creating UI...
[Message:UnityExplorer] UnityExplorer 4.8.2 (Mono) initialized.
